<?xml version="1.0" encoding="UTF-8"?>
<!-- Generated by org.testng.reporters.JUnitXMLReporter -->
<testsuite ignored="0" hostname="DESKTOP-8TF2HVC" failures="1" tests="1" name="Test" time="8.871" errors="0" timestamp="2023-01-16T17:09:14 IST">
  <testcase classname="test.TestForm1" name="personalInfo" time="8.763">
    <failure type="java.lang.NullPointerException" message="Cannot invoke &amp;quot;org.openqa.selenium.WebElement.sendKeys(java.lang.CharSequence[])&amp;quot; because &amp;quot;element&amp;quot; is null">
      <![CDATA[java.lang.NullPointerException: Cannot invoke "org.openqa.selenium.WebElement.sendKeys(java.lang.CharSequence[])" because "element" is null
at HelperClass.HelperClass.sendInput(HelperClass.java:25)
at pageObject.BasePage.enterEmail(BasePage.java:17)
at test.TestForm1.personalInfo(TestForm1.java:15)
at java.base/java.util.ArrayList.forEach(ArrayList.java:1511)
... Removed 27 stack frames]]>
    </failure>
  </testcase> <!-- personalInfo -->
</testsuite> <!-- Test -->
